



<!DOCTYPE html>
<html lang="en">
<head>
	<meta charset="utf-8" />
	<title>ExtentReports</title>
	<meta name="description" content="extent" />
	<meta name="viewport" content="width=device-width, initial-scale=1, maximum-scale=1, minimal-ui" />
	<meta http-equiv="X-UA-Compatible" content="IE=edge">
	<meta name="apple-mobile-web-app-capable" content="yes">
	<meta name="apple-mobile-web-app-status-barstyle" content="black-translucent">
	<meta name="apple-mobile-web-app-title" content="extent">
	<meta name="mobile-web-app-capable" content="yes">
	<link rel="stylesheet" href="https://cdnjs.cloudflare.com/ajax/libs/font-awesome/4.7.0/css/font-awesome.min.css">
	<link rel="stylesheet" href="https://cdn.jsdelivr.net/gh/extent-framework/extent-github-cdn@832f979664f9d68bf618db3ac87498ac6c1a6390/logger/css/logger-style.css" type="text/css" />
</head>
	<script type="text/javascript">
		/*! json-tree - v0.2.2 - 2017-09-25, MIT LICENSE */
		var JSONTree=function(){var n={"&":"&amp;","<":"&lt;",">":"&gt;",'"':"&quot;","'":"&#x27;","/":"&#x2F;"},t=0,r=0;this.create=function(n,t){return r+=1,N(u(n,0,!1),{class:"jstValue"})};var e=function(t){return t.replace(/[&<>'"]/g,function(t){return n[t]})},s=function(){return r+"_"+t++},u=function(n,t,r){if(null===n)return f(r?t:0);switch(typeof n){case"boolean":return l(n,r?t:0);case"number":return i(n,r?t:0);case"string":return o(n,r?t:0);default:return n instanceof Array?a(n,t,r):c(n,t,r)}},c=function(n,t,r){var e=s(),u=Object.keys(n).map(function(r){return j(r,n[r],t+1,!0)}).join(m()),c=[g("{",r?t:0,e),N(u,{id:e}),p("}",t)].join("\n");return N(c,{})},a=function(n,t,r){var e=s(),c=n.map(function(n){return u(n,t+1,!0)}).join(m());return[g("[",r?t:0,e),N(c,{id:e}),p("]",t)].join("\n")},o=function(n,t){var r=e(JSON.stringify(n));return N(v(r,t),{class:"jstStr"})},i=function(n,t){return N(v(n,t),{class:"jstNum"})},l=function(n,t){return N(v(n,t),{class:"jstBool"})},f=function(n){return N(v("null",n),{class:"jstNull"})},j=function(n,t,r){var s=v(e(JSON.stringify(n))+": ",r),c=N(u(t,r,!1),{});return N(s+c,{class:"jstProperty"})},m=function(){return N(",\n",{class:"jstComma"})},N=function(n,t){return d("span",t,n)},d=function(n,t,r){return"<"+n+Object.keys(t).map(function(n){return" "+n+'="'+t[n]+'"'}).join("")+">"+r+"</"+n+">"},g=function(n,t,r){return N(v(n,t),{class:"jstBracket"})+N("",{class:"jstFold",onclick:"JSONTree.toggle('"+r+"')"})};this.toggle=function(n){var t=document.getElementById(n),r=t.parentNode,e=t.previousElementSibling;""===t.className?(t.className="jstHiddenBlock",r.className="jstFolded",e.className="jstExpand"):(t.className="",r.className="",e.className="jstFold")};var p=function(n,t){return N(v(n,t),{})},v=function(n,t){return Array(2*t+1).join(" ")+n};return this}();
	</script>
	<body class="standard">
		<div class="app" id="app">
<div id="aside" class="app-aside fade box-shadow-x folded dark">
	<div class="sidenav modal-dialog dk">
		<div class="navbar">
			<a href="#" class="navbar-brand">
			<span class="d-inline small"><img src="https://cdn.rawgit.com/extent-framework/extent-github-cdn/d74480e/commons/img/logo.png"></span>
			</a>
		</div>
		<div class="flex hide-scroll">
			<div class="scroll">
				<div class="nav-border b-primary">
					<ul class="nav bg">
						<li>
							<a href="index.html">
							<span class="nav-icon">
							<i class="fa fa-align-left"></i>
							</span>
							<span class="nav-text">Tests</span>
							</a>
						</li>
												<li>
							<a href="tag.html">
							<span class="nav-icon">
							<i class="fa fa-tag"></i>
							</span>
							<span class="nav-text">Tags</span>
							</a>
						</li>
						<li>
							<a href="exception.html">
							<span class="nav-icon">
							<i class="fa fa-warning"></i>
							</span>
							<span class="nav-text">Exceptions</span>
							</a>
						</li>
						<li>
							<a href="dashboard.html">
							<span class="nav-icon">
							<i class="fa fa-dashboard"></i>
							</span>
							<span class="nav-text">Dashboard</span>
							</a>
						</li>
						<li class="pb-2 hidden-folded"></li>
					</ul>
				</div>
			</div>
		</div>
		<div class="no-shrink">
			<div class="nav-fold">
				<a id="lightsout" class="d-flex p-2-3"><span><i class="fa fa-desktop"></i></span></a>
				<div class="hidden-folded flex p-2-3 bg">
					<div class="d-flex p-1">
						<a href="http://github.com/extent-framework/extentreports" class="flex text-nowrap"><i class="fa fa-github"></i></a>
						<a href="http://extentreports.com" class="px-2"><i class="fa fa-book"></i></a>
					</div>
				</div>
			</div>
		</div>
	</div>
</div>			<div id="content" class="app-content box-shadow-0" role="main">
				<div id="content" class="app-content box-shadow-2 box-radius-2" role="main">
					<div class="content-header white  box-shadow-2" id="content-header">
						<div class="navbar navbar-expand-lg">
							<div class="input-group flex mr-1">
				              	<input id="qt" type="text" class="form-control px-0 no-bg no-border no-shadow search" placeholder="Search..." required="">
				              	<span class="input-group-btn">
				                	<button class="btn no-bg no-border no-shadow" type="button"><i class="fa fa-search text-muted text-xs"></i></button>
				              	</span>
				            </div>
							<ul class="nav nav-xs flex-row no-border pull-right">
								<li class="nav-item dropdown">
									<a class="nav-link b-l" data-toggle="dropdown">
									<span class="text-xs">
									<i class="fa fa-warning"></i>
									<i class="fa fa-caret-down"></i>
									</span>
									</a>
									<div class="dropdown-menu pt-0 mt-2 animate fadeIn">
										<a class="dropdown-item" href="#"><span class="tf" status="pass"><i class="fa fa-dot-circle-o text-success"></i>Pass</span></a>
										<a class="dropdown-item" href="#"><span class="tf" status="fail"><i class="fa fa-dot-circle-o text-danger"></i>Fail</span></a>
										
										
										
										<a class="dropdown-item" href="#"><span class="tf" status="skip"><i class="fa fa-dot-circle-o text-blue"></i>Skip</span></a>
										<div class="dropdown-divider"></div>
										<a class="dropdown-item" href="#"><span class="tf" status="clear"><i class="fa fa-dot-circle-o text-warn"></i>Clear</span></a>
									</div>
								</li>
						        <li class="nav-item dropdown">
							        <a class="nav-link b-l" data-toggle="dropdown">
							            <span class="text-xs">
								      		<i class="fa fa-tag"></i>
								      		<i class="fa fa-caret-down"></i>
								        </span>
							        </a>
							        <div class="dropdown-menu pt-0 mt-2 animate fadeIn">
						    	        <a class="dropdown-item" href="#"><span class="cf">@SUC:13-11</span></a>
						    	        <div class="dropdown-divider"></div>
						    	        <a class="dropdown-item" href="#"><span class="tf" status="clear"><i class="fa fa-dot-circle-o text-warn"></i>Clear</span></a>
						    	      </div>
						        </li>
						        <li class="nav-item lightsout"><a class="nav-link b-l" href="#"><span><i class="fa fa-desktop"></i></span></a></li>
								<li><a href="#" class="b-l"><span class="badge badge-pull">ExtentReports</span></a></li>
								<li><a href="#" class="b-l"><span class="badge badge-pull">4.0</span></a></li>
							</ul>
						</div>
					</div>
					<div class="content-main " id="content-main">
						<div class="padding">
							<div class="row justify-content-md-center">
								<div class="col-md-8 col-sm-12">
									<div class="logger-content">
										<h6 class="mb-3 ml-1">Test Logs</h6>
											<div class="tsc" status="fail">
											<div class="st fail test l0" 
												tags=""
												devices="">
												<span class="tt">07.29.2020 13:00:48</span>&nbsp;
												<span class="ts">fail</span>&nbsp;&nbsp;
												<span class="tn">[[SUC:13-11] Print Refund Documents] started</span>
												
											</div>
											<div class="st fail test l1" 
												tags="@SUC:13-11"
												devices="">
												<span class="tt">07.29.2020 13:00:48</span>&nbsp;
												<span class="ts">fail</span>&nbsp;&nbsp;
												<span class="tn">|---[UAT_M7_14-01-Verify the Process of print Taxpayer documents] started</span>
												<span class="category-list">
													<span class="category badge"><i class="fa fa-tag"></i> @SUC:13-11</span>
												</span>
												<span class="author-list">
												</span>
												<span class="device-list">
												</span>
												
											</div>
											<div class="st fail test l2" 
												tags="@SUC:13-11"
												devices="">
												<span class="tt">07.29.2020 13:00:48</span>&nbsp;
												<span class="ts">fail</span>&nbsp;&nbsp;
												<span class="tn">&nbsp;&nbsp;&nbsp;&nbsp;|---[UAT_M7_14-01-Verify the Process of print Taxpayer documents] started</span>
												<span class="category-list">
													<span class="category badge"><i class="fa fa-tag"></i> @SUC:13-11</span>
												</span>
												<span class="author-list">
												</span>
												<span class="device-list">
												</span>
												
											</div>
											<div class="st pass test l3" 
												tags=""
												devices="">
												<span class="tt">07.29.2020 13:00:48</span>&nbsp;
												<span class="ts">pass</span>&nbsp;&nbsp;
												<span class="tn">&nbsp;&nbsp;&nbsp;&nbsp;&nbsp;&nbsp;&nbsp;&nbsp;|---[Given User navigates to the login page] started</span>
												
												<div class="st pass">
													<span class="tt">07.29.2020 13:01:00</span>&nbsp;
													<span class="ts">pass</span>&nbsp;&nbsp; 
													<span class="tn">&nbsp;&nbsp;&nbsp;&nbsp;&nbsp;&nbsp;&nbsp;&nbsp;|---[Given User navigates to the login page]</span>
													
													<span class="td"></span>
												</div>
											</div>
											<div class="st pass test l3" 
												tags=""
												devices="">
												<span class="tt">07.29.2020 13:01:00</span>&nbsp;
												<span class="ts">pass</span>&nbsp;&nbsp;
												<span class="tn">&nbsp;&nbsp;&nbsp;&nbsp;&nbsp;&nbsp;&nbsp;&nbsp;|---[When Enters the username "tripscrmuser12" and password "Passw0rd" to login] started</span>
												
												<div class="st pass">
													<span class="tt">07.29.2020 13:01:08</span>&nbsp;
													<span class="ts">pass</span>&nbsp;&nbsp; 
													<span class="tn">&nbsp;&nbsp;&nbsp;&nbsp;&nbsp;&nbsp;&nbsp;&nbsp;|---[When Enters the username "tripscrmuser12" and password "Passw0rd" to login]</span>
													
													<span class="td"></span>
												</div>
											</div>
											<div class="st pass test l3" 
												tags=""
												devices="">
												<span class="tt">07.29.2020 13:01:08</span>&nbsp;
												<span class="ts">pass</span>&nbsp;&nbsp;
												<span class="tn">&nbsp;&nbsp;&nbsp;&nbsp;&nbsp;&nbsp;&nbsp;&nbsp;|---[Then User should be logged in] started</span>
												
												<div class="st pass">
													<span class="tt">07.29.2020 13:01:08</span>&nbsp;
													<span class="ts">pass</span>&nbsp;&nbsp; 
													<span class="tn">&nbsp;&nbsp;&nbsp;&nbsp;&nbsp;&nbsp;&nbsp;&nbsp;|---[Then User should be logged in]</span>
													
													<span class="td"></span>
												</div>
											</div>
											<div class="st pass test l3" 
												tags=""
												devices="">
												<span class="tt">07.29.2020 13:01:08</span>&nbsp;
												<span class="ts">pass</span>&nbsp;&nbsp;
												<span class="tn">&nbsp;&nbsp;&nbsp;&nbsp;&nbsp;&nbsp;&nbsp;&nbsp;|---[Given navigate to  Revenue Collection>>Receive Payment] started</span>
												
												<div class="st pass">
													<span class="tt">07.29.2020 13:01:14</span>&nbsp;
													<span class="ts">pass</span>&nbsp;&nbsp; 
													<span class="tn">&nbsp;&nbsp;&nbsp;&nbsp;&nbsp;&nbsp;&nbsp;&nbsp;|---[Given navigate to  Revenue Collection>>Receive Payment]</span>
													
													<span class="td"></span>
												</div>
											</div>
											<div class="st fail test l3" 
												tags=""
												devices="">
												<span class="tt">07.29.2020 13:01:14</span>&nbsp;
												<span class="ts">fail</span>&nbsp;&nbsp;
												<span class="tn">&nbsp;&nbsp;&nbsp;&nbsp;&nbsp;&nbsp;&nbsp;&nbsp;|---[When click on Find Button] started</span>
												
												<div class="st fail">
													<span class="tt">07.29.2020 13:01:24</span>&nbsp;
													<span class="ts">fail</span>&nbsp;&nbsp; 
													<span class="tn">&nbsp;&nbsp;&nbsp;&nbsp;&nbsp;&nbsp;&nbsp;&nbsp;|---[When click on Find Button]</span>
													
													<span class="td">threw an exception<br><textarea disabled class="code-block">org.openqa.selenium.TimeoutException: Expected condition failed: waiting for element to be clickable: By.id: PaymentSummary:FindTin (tried for 10 second(s) with 500 milliseconds interval)
	at org.openqa.selenium.support.ui.WebDriverWait.timeoutException(WebDriverWait.java:95)
	at org.openqa.selenium.support.ui.FluentWait.until(FluentWait.java:272)
	at StepDefinitions.stepDefinitions.click_on_find_button(stepDefinitions.java:629)
	at ✽.click on Find Button(file:///C:/Users/v-bakam/eclipse-workspace/TechnoBrain-Payment/src/test/resources/FeatureFiles/Payment/l_PrintRefundDocuments.feature:11)
Caused by: org.openqa.selenium.NoSuchElementException: no such element: Unable to locate element: {"method":"css selector","selector":"#PaymentSummary\:FindTin"}
  (Session info: chrome=84.0.4147.105)
For documentation on this error, please visit: https://www.seleniumhq.org/exceptions/no_such_element.html
Build info: version: '3.141.59', revision: 'e82be7d358', time: '2018-11-14T08:17:03'
System info: host: 'DESKTOP-VUGFEQL', ip: '172.16.16.22', os.name: 'Windows 10', os.arch: 'amd64', os.version: '10.0', java.version: '14.0.1'
Driver info: org.openqa.selenium.chrome.ChromeDriver
Capabilities {acceptInsecureCerts: false, browserName: chrome, browserVersion: 84.0.4147.105, chrome: {chromedriverVersion: 83.0.4103.39 (ccbf011cb2d2b..., userDataDir: C:\Users\v-bakam\AppData\Lo...}, goog:chromeOptions: {debuggerAddress: localhost:57335}, javascriptEnabled: true, networkConnectionEnabled: false, pageLoadStrategy: normal, platform: WINDOWS, platformName: WINDOWS, proxy: Proxy(), setWindowRect: true, strictFileInteractability: false, timeouts: {implicit: 0, pageLoad: 300000, script: 30000}, unhandledPromptBehavior: dismiss and notify, webauthn:virtualAuthenticators: true}
Session ID: 1b16e83686cef076ff21d1cb36329fd2
*** Element info: {Using=id, value=PaymentSummary:FindTin}
	at jdk.internal.reflect.GeneratedConstructorAccessor12.newInstance(Unknown Source)
	at java.base/jdk.internal.reflect.DelegatingConstructorAccessorImpl.newInstance(DelegatingConstructorAccessorImpl.java:45)
	at java.base/java.lang.reflect.Constructor.newInstanceWithCaller(Constructor.java:500)
	at java.base/java.lang.reflect.Constructor.newInstance(Constructor.java:481)
	at org.openqa.selenium.remote.http.W3CHttpResponseCodec.createException(W3CHttpResponseCodec.java:187)
	at org.openqa.selenium.remote.http.W3CHttpResponseCodec.decode(W3CHttpResponseCodec.java:122)
	at org.openqa.selenium.remote.http.W3CHttpResponseCodec.decode(W3CHttpResponseCodec.java:49)
	at org.openqa.selenium.remote.HttpCommandExecutor.execute(HttpCommandExecutor.java:158)
	at org.openqa.selenium.remote.service.DriverCommandExecutor.execute(DriverCommandExecutor.java:83)
	at org.openqa.selenium.remote.RemoteWebDriver.execute(RemoteWebDriver.java:552)
	at org.openqa.selenium.remote.RemoteWebDriver.findElement(RemoteWebDriver.java:323)
	at org.openqa.selenium.remote.RemoteWebDriver.findElementById(RemoteWebDriver.java:372)
	at org.openqa.selenium.By$ById.findElement(By.java:188)
	at org.openqa.selenium.remote.RemoteWebDriver.findElement(RemoteWebDriver.java:315)
	at org.openqa.selenium.support.ui.ExpectedConditions$7.apply(ExpectedConditions.java:205)
	at org.openqa.selenium.support.ui.ExpectedConditions$7.apply(ExpectedConditions.java:201)
	at org.openqa.selenium.support.ui.ExpectedConditions$22.apply(ExpectedConditions.java:641)
	at org.openqa.selenium.support.ui.ExpectedConditions$22.apply(ExpectedConditions.java:638)
	at org.openqa.selenium.support.ui.FluentWait.until(FluentWait.java:249)
	at StepDefinitions.stepDefinitions.click_on_find_button(stepDefinitions.java:629)
	at java.base/jdk.internal.reflect.NativeMethodAccessorImpl.invoke0(Native Method)
	at java.base/jdk.internal.reflect.NativeMethodAccessorImpl.invoke(NativeMethodAccessorImpl.java:62)
	at java.base/jdk.internal.reflect.DelegatingMethodAccessorImpl.invoke(DelegatingMethodAccessorImpl.java:43)
	at java.base/java.lang.reflect.Method.invoke(Method.java:564)
	at io.cucumber.java.Invoker.doInvoke(Invoker.java:66)
	at io.cucumber.java.Invoker.invoke(Invoker.java:24)
	at io.cucumber.java.AbstractGlueDefinition.invokeMethod(AbstractGlueDefinition.java:44)
	at io.cucumber.java.JavaStepDefinition.execute(JavaStepDefinition.java:29)
	at io.cucumber.core.runner.CoreStepDefinition.execute(CoreStepDefinition.java:64)
	at io.cucumber.core.runner.PickleStepDefinitionMatch.runStep(PickleStepDefinitionMatch.java:63)
	at io.cucumber.core.runner.TestStep.executeStep(TestStep.java:92)
	at io.cucumber.core.runner.TestStep.run(TestStep.java:63)
	at io.cucumber.core.runner.PickleStepTestStep.run(PickleStepTestStep.java:49)
	at io.cucumber.core.runner.TestCase.run(TestCase.java:99)
	at io.cucumber.core.runner.Runner.runPickle(Runner.java:71)
	at io.cucumber.junit.PickleRunners$NoStepDescriptions.run(PickleRunners.java:140)
	at io.cucumber.junit.FeatureRunner.runChild(FeatureRunner.java:118)
	at io.cucumber.junit.FeatureRunner.runChild(FeatureRunner.java:24)
	at org.junit.runners.ParentRunner$3.run(ParentRunner.java:238)
	at org.junit.runners.ParentRunner$1.schedule(ParentRunner.java:63)
	at org.junit.runners.ParentRunner.runChildren(ParentRunner.java:236)
	at org.junit.runners.ParentRunner.access$000(ParentRunner.java:53)
	at org.junit.runners.ParentRunner$2.evaluate(ParentRunner.java:229)
	at org.junit.runners.ParentRunner.run(ParentRunner.java:309)
	at io.cucumber.junit.Cucumber.runChild(Cucumber.java:192)
	at io.cucumber.junit.Cucumber.runChild(Cucumber.java:88)
	at org.junit.runners.ParentRunner$3.run(ParentRunner.java:238)
	at org.junit.runners.ParentRunner$1.schedule(ParentRunner.java:63)
	at org.junit.runners.ParentRunner.runChildren(ParentRunner.java:236)
	at org.junit.runners.ParentRunner.access$000(ParentRunner.java:53)
	at org.junit.runners.ParentRunner$2.evaluate(ParentRunner.java:229)
	at io.cucumber.junit.Cucumber$RunCucumber.evaluate(Cucumber.java:227)
	at org.junit.runners.ParentRunner.run(ParentRunner.java:309)
	at org.eclipse.jdt.internal.junit4.runner.JUnit4TestReference.run(JUnit4TestReference.java:89)
	at org.eclipse.jdt.internal.junit.runner.TestExecution.run(TestExecution.java:41)
	at org.eclipse.jdt.internal.junit.runner.RemoteTestRunner.runTests(RemoteTestRunner.java:542)
	at org.eclipse.jdt.internal.junit.runner.RemoteTestRunner.runTests(RemoteTestRunner.java:770)
	at org.eclipse.jdt.internal.junit.runner.RemoteTestRunner.run(RemoteTestRunner.java:464)
	at org.eclipse.jdt.internal.junit.runner.RemoteTestRunner.main(RemoteTestRunner.java:210)
</textarea></span>
												</div>
											</div>
											<div class="st skip test l3" 
												tags=""
												devices="">
												<span class="tt">07.29.2020 13:01:24</span>&nbsp;
												<span class="ts">skip</span>&nbsp;&nbsp;
												<span class="tn">&nbsp;&nbsp;&nbsp;&nbsp;&nbsp;&nbsp;&nbsp;&nbsp;|---[Then Find Entity pop up window should be displayed] started</span>
												
												<div class="st skip">
													<span class="tt">07.29.2020 13:01:24</span>&nbsp;
													<span class="ts">skip</span>&nbsp;&nbsp; 
													<span class="tn">&nbsp;&nbsp;&nbsp;&nbsp;&nbsp;&nbsp;&nbsp;&nbsp;|---[Then Find Entity pop up window should be displayed]</span>
													
													<span class="td">Step skipped</span>
												</div>
											</div>
											<div class="st skip test l3" 
												tags=""
												devices="">
												<span class="tt">07.29.2020 13:01:24</span>&nbsp;
												<span class="ts">skip</span>&nbsp;&nbsp;
												<span class="tn">&nbsp;&nbsp;&nbsp;&nbsp;&nbsp;&nbsp;&nbsp;&nbsp;|---[When User enters Individual and P0024640] started</span>
												
												<div class="st skip">
													<span class="tt">07.29.2020 13:01:24</span>&nbsp;
													<span class="ts">skip</span>&nbsp;&nbsp; 
													<span class="tn">&nbsp;&nbsp;&nbsp;&nbsp;&nbsp;&nbsp;&nbsp;&nbsp;|---[When User enters Individual and P0024640]</span>
													
													<span class="td">Step skipped</span>
												</div>
											</div>
											<div class="st skip test l3" 
												tags=""
												devices="">
												<span class="tt">07.29.2020 13:01:24</span>&nbsp;
												<span class="ts">skip</span>&nbsp;&nbsp;
												<span class="tn">&nbsp;&nbsp;&nbsp;&nbsp;&nbsp;&nbsp;&nbsp;&nbsp;|---[And clicks search button] started</span>
												
												<div class="st skip">
													<span class="tt">07.29.2020 13:01:24</span>&nbsp;
													<span class="ts">skip</span>&nbsp;&nbsp; 
													<span class="tn">&nbsp;&nbsp;&nbsp;&nbsp;&nbsp;&nbsp;&nbsp;&nbsp;|---[And clicks search button]</span>
													
													<span class="td">Step skipped</span>
												</div>
											</div>
											<div class="st skip test l3" 
												tags=""
												devices="">
												<span class="tt">07.29.2020 13:01:24</span>&nbsp;
												<span class="ts">skip</span>&nbsp;&nbsp;
												<span class="tn">&nbsp;&nbsp;&nbsp;&nbsp;&nbsp;&nbsp;&nbsp;&nbsp;|---[Then Payment Summary window displayed P0024640] started</span>
												
												<div class="st skip">
													<span class="tt">07.29.2020 13:01:24</span>&nbsp;
													<span class="ts">skip</span>&nbsp;&nbsp; 
													<span class="tn">&nbsp;&nbsp;&nbsp;&nbsp;&nbsp;&nbsp;&nbsp;&nbsp;|---[Then Payment Summary window displayed P0024640]</span>
													
													<span class="td">Step skipped</span>
												</div>
											</div>
											<div class="st skip test l3" 
												tags=""
												devices="">
												<span class="tt">07.29.2020 13:01:24</span>&nbsp;
												<span class="ts">skip</span>&nbsp;&nbsp;
												<span class="tn">&nbsp;&nbsp;&nbsp;&nbsp;&nbsp;&nbsp;&nbsp;&nbsp;|---[And clicks add button] started</span>
												
												<div class="st skip">
													<span class="tt">07.29.2020 13:01:24</span>&nbsp;
													<span class="ts">skip</span>&nbsp;&nbsp; 
													<span class="tn">&nbsp;&nbsp;&nbsp;&nbsp;&nbsp;&nbsp;&nbsp;&nbsp;|---[And clicks add button]</span>
													
													<span class="td">Step skipped</span>
												</div>
											</div>
											<div class="st skip test l3" 
												tags=""
												devices="">
												<span class="tt">07.29.2020 13:01:24</span>&nbsp;
												<span class="ts">skip</span>&nbsp;&nbsp;
												<span class="tn">&nbsp;&nbsp;&nbsp;&nbsp;&nbsp;&nbsp;&nbsp;&nbsp;|---[Then Payment Details should be displayed] started</span>
												
												<div class="st skip">
													<span class="tt">07.29.2020 13:01:24</span>&nbsp;
													<span class="ts">skip</span>&nbsp;&nbsp; 
													<span class="tn">&nbsp;&nbsp;&nbsp;&nbsp;&nbsp;&nbsp;&nbsp;&nbsp;|---[Then Payment Details should be displayed]</span>
													
													<span class="td">Step skipped</span>
												</div>
											</div>
											<div class="st skip test l3" 
												tags=""
												devices="">
												<span class="tt">07.29.2020 13:01:24</span>&nbsp;
												<span class="ts">skip</span>&nbsp;&nbsp;
												<span class="tn">&nbsp;&nbsp;&nbsp;&nbsp;&nbsp;&nbsp;&nbsp;&nbsp;|---[When user fills Payment Amount as 100] started</span>
												
												<div class="st skip">
													<span class="tt">07.29.2020 13:01:24</span>&nbsp;
													<span class="ts">skip</span>&nbsp;&nbsp; 
													<span class="tn">&nbsp;&nbsp;&nbsp;&nbsp;&nbsp;&nbsp;&nbsp;&nbsp;|---[When user fills Payment Amount as 100]</span>
													
													<span class="td">Step skipped</span>
												</div>
											</div>
											<div class="st skip test l3" 
												tags=""
												devices="">
												<span class="tt">07.29.2020 13:01:24</span>&nbsp;
												<span class="ts">skip</span>&nbsp;&nbsp;
												<span class="tn">&nbsp;&nbsp;&nbsp;&nbsp;&nbsp;&nbsp;&nbsp;&nbsp;|---[And From Payment Details window click on Save Button] started</span>
												
												<div class="st skip">
													<span class="tt">07.29.2020 13:01:24</span>&nbsp;
													<span class="ts">skip</span>&nbsp;&nbsp; 
													<span class="tn">&nbsp;&nbsp;&nbsp;&nbsp;&nbsp;&nbsp;&nbsp;&nbsp;|---[And From Payment Details window click on Save Button]</span>
													
													<span class="td">Step skipped</span>
												</div>
											</div>
											<div class="st skip test l3" 
												tags=""
												devices="">
												<span class="tt">07.29.2020 13:01:24</span>&nbsp;
												<span class="ts">skip</span>&nbsp;&nbsp;
												<span class="tn">&nbsp;&nbsp;&nbsp;&nbsp;&nbsp;&nbsp;&nbsp;&nbsp;|---[And clicks yes on confirmation prompt] started</span>
												
												<div class="st skip">
													<span class="tt">07.29.2020 13:01:24</span>&nbsp;
													<span class="ts">skip</span>&nbsp;&nbsp; 
													<span class="tn">&nbsp;&nbsp;&nbsp;&nbsp;&nbsp;&nbsp;&nbsp;&nbsp;|---[And clicks yes on confirmation prompt]</span>
													
													<span class="td">Step skipped</span>
												</div>
											</div>
											<div class="st skip test l3" 
												tags=""
												devices="">
												<span class="tt">07.29.2020 13:01:24</span>&nbsp;
												<span class="ts">skip</span>&nbsp;&nbsp;
												<span class="tn">&nbsp;&nbsp;&nbsp;&nbsp;&nbsp;&nbsp;&nbsp;&nbsp;|---[Given Payment Summary window click on Save Button] started</span>
												
												<div class="st skip">
													<span class="tt">07.29.2020 13:01:24</span>&nbsp;
													<span class="ts">skip</span>&nbsp;&nbsp; 
													<span class="tn">&nbsp;&nbsp;&nbsp;&nbsp;&nbsp;&nbsp;&nbsp;&nbsp;|---[Given Payment Summary window click on Save Button]</span>
													
													<span class="td">Step skipped</span>
												</div>
											</div>
											<div class="st skip test l3" 
												tags=""
												devices="">
												<span class="tt">07.29.2020 13:01:24</span>&nbsp;
												<span class="ts">skip</span>&nbsp;&nbsp;
												<span class="tn">&nbsp;&nbsp;&nbsp;&nbsp;&nbsp;&nbsp;&nbsp;&nbsp;|---[Then Reciept generated successfully] started</span>
												
												<div class="st skip">
													<span class="tt">07.29.2020 13:01:24</span>&nbsp;
													<span class="ts">skip</span>&nbsp;&nbsp; 
													<span class="tn">&nbsp;&nbsp;&nbsp;&nbsp;&nbsp;&nbsp;&nbsp;&nbsp;|---[Then Reciept generated successfully]</span>
													
													<span class="td">Step skipped</span>
												</div>
											</div>
											<div class="st fail test l1" 
												tags="@SUC:13-11"
												devices="">
												<span class="tt">07.29.2020 13:01:25</span>&nbsp;
												<span class="ts">fail</span>&nbsp;&nbsp;
												<span class="tn">|---[UAT_M7_14-02-Verify the Process of print Taxpayer documents] started</span>
												<span class="category-list">
													<span class="category badge"><i class="fa fa-tag"></i> @SUC:13-11</span>
												</span>
												<span class="author-list">
												</span>
												<span class="device-list">
												</span>
												
											</div>
											<div class="st fail test l2" 
												tags="@SUC:13-11"
												devices="">
												<span class="tt">07.29.2020 13:01:25</span>&nbsp;
												<span class="ts">fail</span>&nbsp;&nbsp;
												<span class="tn">&nbsp;&nbsp;&nbsp;&nbsp;|---[UAT_M7_14-02-Verify the Process of print Taxpayer documents] started</span>
												<span class="category-list">
													<span class="category badge"><i class="fa fa-tag"></i> @SUC:13-11</span>
												</span>
												<span class="author-list">
												</span>
												<span class="device-list">
												</span>
												
											</div>
											<div class="st pass test l3" 
												tags=""
												devices="">
												<span class="tt">07.29.2020 13:01:25</span>&nbsp;
												<span class="ts">pass</span>&nbsp;&nbsp;
												<span class="tn">&nbsp;&nbsp;&nbsp;&nbsp;&nbsp;&nbsp;&nbsp;&nbsp;|---[Given User navigates to the login page] started</span>
												
												<div class="st pass">
													<span class="tt">07.29.2020 13:01:37</span>&nbsp;
													<span class="ts">pass</span>&nbsp;&nbsp; 
													<span class="tn">&nbsp;&nbsp;&nbsp;&nbsp;&nbsp;&nbsp;&nbsp;&nbsp;|---[Given User navigates to the login page]</span>
													
													<span class="td"></span>
												</div>
											</div>
											<div class="st pass test l3" 
												tags=""
												devices="">
												<span class="tt">07.29.2020 13:01:37</span>&nbsp;
												<span class="ts">pass</span>&nbsp;&nbsp;
												<span class="tn">&nbsp;&nbsp;&nbsp;&nbsp;&nbsp;&nbsp;&nbsp;&nbsp;|---[When Enters the username "tripscrmuser12" and password "Passw0rd" to login] started</span>
												
												<div class="st pass">
													<span class="tt">07.29.2020 13:01:44</span>&nbsp;
													<span class="ts">pass</span>&nbsp;&nbsp; 
													<span class="tn">&nbsp;&nbsp;&nbsp;&nbsp;&nbsp;&nbsp;&nbsp;&nbsp;|---[When Enters the username "tripscrmuser12" and password "Passw0rd" to login]</span>
													
													<span class="td"></span>
												</div>
											</div>
											<div class="st pass test l3" 
												tags=""
												devices="">
												<span class="tt">07.29.2020 13:01:44</span>&nbsp;
												<span class="ts">pass</span>&nbsp;&nbsp;
												<span class="tn">&nbsp;&nbsp;&nbsp;&nbsp;&nbsp;&nbsp;&nbsp;&nbsp;|---[Then User should be logged in] started</span>
												
												<div class="st pass">
													<span class="tt">07.29.2020 13:01:44</span>&nbsp;
													<span class="ts">pass</span>&nbsp;&nbsp; 
													<span class="tn">&nbsp;&nbsp;&nbsp;&nbsp;&nbsp;&nbsp;&nbsp;&nbsp;|---[Then User should be logged in]</span>
													
													<span class="td"></span>
												</div>
											</div>
											<div class="st pass test l3" 
												tags=""
												devices="">
												<span class="tt">07.29.2020 13:01:44</span>&nbsp;
												<span class="ts">pass</span>&nbsp;&nbsp;
												<span class="tn">&nbsp;&nbsp;&nbsp;&nbsp;&nbsp;&nbsp;&nbsp;&nbsp;|---[Given navigate to  Revenue Collection>>Receive Payment] started</span>
												
												<div class="st pass">
													<span class="tt">07.29.2020 13:01:50</span>&nbsp;
													<span class="ts">pass</span>&nbsp;&nbsp; 
													<span class="tn">&nbsp;&nbsp;&nbsp;&nbsp;&nbsp;&nbsp;&nbsp;&nbsp;|---[Given navigate to  Revenue Collection>>Receive Payment]</span>
													
													<span class="td"></span>
												</div>
											</div>
											<div class="st fail test l3" 
												tags=""
												devices="">
												<span class="tt">07.29.2020 13:01:50</span>&nbsp;
												<span class="ts">fail</span>&nbsp;&nbsp;
												<span class="tn">&nbsp;&nbsp;&nbsp;&nbsp;&nbsp;&nbsp;&nbsp;&nbsp;|---[When click on Find Button] started</span>
												
												<div class="st fail">
													<span class="tt">07.29.2020 13:02:00</span>&nbsp;
													<span class="ts">fail</span>&nbsp;&nbsp; 
													<span class="tn">&nbsp;&nbsp;&nbsp;&nbsp;&nbsp;&nbsp;&nbsp;&nbsp;|---[When click on Find Button]</span>
													
													<span class="td">threw an exception<br><textarea disabled class="code-block">org.openqa.selenium.TimeoutException: Expected condition failed: waiting for element to be clickable: By.id: PaymentSummary:FindTin (tried for 10 second(s) with 500 milliseconds interval)
	at org.openqa.selenium.support.ui.WebDriverWait.timeoutException(WebDriverWait.java:95)
	at org.openqa.selenium.support.ui.FluentWait.until(FluentWait.java:272)
	at StepDefinitions.stepDefinitions.click_on_find_button(stepDefinitions.java:629)
	at ✽.click on Find Button(file:///C:/Users/v-bakam/eclipse-workspace/TechnoBrain-Payment/src/test/resources/FeatureFiles/Payment/l_PrintRefundDocuments.feature:31)
Caused by: org.openqa.selenium.NoSuchElementException: no such element: Unable to locate element: {"method":"css selector","selector":"#PaymentSummary\:FindTin"}
  (Session info: chrome=84.0.4147.105)
For documentation on this error, please visit: https://www.seleniumhq.org/exceptions/no_such_element.html
Build info: version: '3.141.59', revision: 'e82be7d358', time: '2018-11-14T08:17:03'
System info: host: 'DESKTOP-VUGFEQL', ip: '172.16.16.22', os.name: 'Windows 10', os.arch: 'amd64', os.version: '10.0', java.version: '14.0.1'
Driver info: org.openqa.selenium.chrome.ChromeDriver
Capabilities {acceptInsecureCerts: false, browserName: chrome, browserVersion: 84.0.4147.105, chrome: {chromedriverVersion: 83.0.4103.39 (ccbf011cb2d2b..., userDataDir: C:\Users\v-bakam\AppData\Lo...}, goog:chromeOptions: {debuggerAddress: localhost:57392}, javascriptEnabled: true, networkConnectionEnabled: false, pageLoadStrategy: normal, platform: WINDOWS, platformName: WINDOWS, proxy: Proxy(), setWindowRect: true, strictFileInteractability: false, timeouts: {implicit: 0, pageLoad: 300000, script: 30000}, unhandledPromptBehavior: dismiss and notify, webauthn:virtualAuthenticators: true}
Session ID: c89e931874ad30a4d8fdf2da2a4af35d
*** Element info: {Using=id, value=PaymentSummary:FindTin}
	at jdk.internal.reflect.GeneratedConstructorAccessor12.newInstance(Unknown Source)
	at java.base/jdk.internal.reflect.DelegatingConstructorAccessorImpl.newInstance(DelegatingConstructorAccessorImpl.java:45)
	at java.base/java.lang.reflect.Constructor.newInstanceWithCaller(Constructor.java:500)
	at java.base/java.lang.reflect.Constructor.newInstance(Constructor.java:481)
	at org.openqa.selenium.remote.http.W3CHttpResponseCodec.createException(W3CHttpResponseCodec.java:187)
	at org.openqa.selenium.remote.http.W3CHttpResponseCodec.decode(W3CHttpResponseCodec.java:122)
	at org.openqa.selenium.remote.http.W3CHttpResponseCodec.decode(W3CHttpResponseCodec.java:49)
	at org.openqa.selenium.remote.HttpCommandExecutor.execute(HttpCommandExecutor.java:158)
	at org.openqa.selenium.remote.service.DriverCommandExecutor.execute(DriverCommandExecutor.java:83)
	at org.openqa.selenium.remote.RemoteWebDriver.execute(RemoteWebDriver.java:552)
	at org.openqa.selenium.remote.RemoteWebDriver.findElement(RemoteWebDriver.java:323)
	at org.openqa.selenium.remote.RemoteWebDriver.findElementById(RemoteWebDriver.java:372)
	at org.openqa.selenium.By$ById.findElement(By.java:188)
	at org.openqa.selenium.remote.RemoteWebDriver.findElement(RemoteWebDriver.java:315)
	at org.openqa.selenium.support.ui.ExpectedConditions$7.apply(ExpectedConditions.java:205)
	at org.openqa.selenium.support.ui.ExpectedConditions$7.apply(ExpectedConditions.java:201)
	at org.openqa.selenium.support.ui.ExpectedConditions$22.apply(ExpectedConditions.java:641)
	at org.openqa.selenium.support.ui.ExpectedConditions$22.apply(ExpectedConditions.java:638)
	at org.openqa.selenium.support.ui.FluentWait.until(FluentWait.java:249)
	at StepDefinitions.stepDefinitions.click_on_find_button(stepDefinitions.java:629)
	at java.base/jdk.internal.reflect.NativeMethodAccessorImpl.invoke0(Native Method)
	at java.base/jdk.internal.reflect.NativeMethodAccessorImpl.invoke(NativeMethodAccessorImpl.java:62)
	at java.base/jdk.internal.reflect.DelegatingMethodAccessorImpl.invoke(DelegatingMethodAccessorImpl.java:43)
	at java.base/java.lang.reflect.Method.invoke(Method.java:564)
	at io.cucumber.java.Invoker.doInvoke(Invoker.java:66)
	at io.cucumber.java.Invoker.invoke(Invoker.java:24)
	at io.cucumber.java.AbstractGlueDefinition.invokeMethod(AbstractGlueDefinition.java:44)
	at io.cucumber.java.JavaStepDefinition.execute(JavaStepDefinition.java:29)
	at io.cucumber.core.runner.CoreStepDefinition.execute(CoreStepDefinition.java:64)
	at io.cucumber.core.runner.PickleStepDefinitionMatch.runStep(PickleStepDefinitionMatch.java:63)
	at io.cucumber.core.runner.TestStep.executeStep(TestStep.java:92)
	at io.cucumber.core.runner.TestStep.run(TestStep.java:63)
	at io.cucumber.core.runner.PickleStepTestStep.run(PickleStepTestStep.java:49)
	at io.cucumber.core.runner.TestCase.run(TestCase.java:99)
	at io.cucumber.core.runner.Runner.runPickle(Runner.java:71)
	at io.cucumber.junit.PickleRunners$NoStepDescriptions.run(PickleRunners.java:140)
	at io.cucumber.junit.FeatureRunner.runChild(FeatureRunner.java:118)
	at io.cucumber.junit.FeatureRunner.runChild(FeatureRunner.java:24)
	at org.junit.runners.ParentRunner$3.run(ParentRunner.java:238)
	at org.junit.runners.ParentRunner$1.schedule(ParentRunner.java:63)
	at org.junit.runners.ParentRunner.runChildren(ParentRunner.java:236)
	at org.junit.runners.ParentRunner.access$000(ParentRunner.java:53)
	at org.junit.runners.ParentRunner$2.evaluate(ParentRunner.java:229)
	at org.junit.runners.ParentRunner.run(ParentRunner.java:309)
	at io.cucumber.junit.Cucumber.runChild(Cucumber.java:192)
	at io.cucumber.junit.Cucumber.runChild(Cucumber.java:88)
	at org.junit.runners.ParentRunner$3.run(ParentRunner.java:238)
	at org.junit.runners.ParentRunner$1.schedule(ParentRunner.java:63)
	at org.junit.runners.ParentRunner.runChildren(ParentRunner.java:236)
	at org.junit.runners.ParentRunner.access$000(ParentRunner.java:53)
	at org.junit.runners.ParentRunner$2.evaluate(ParentRunner.java:229)
	at io.cucumber.junit.Cucumber$RunCucumber.evaluate(Cucumber.java:227)
	at org.junit.runners.ParentRunner.run(ParentRunner.java:309)
	at org.eclipse.jdt.internal.junit4.runner.JUnit4TestReference.run(JUnit4TestReference.java:89)
	at org.eclipse.jdt.internal.junit.runner.TestExecution.run(TestExecution.java:41)
	at org.eclipse.jdt.internal.junit.runner.RemoteTestRunner.runTests(RemoteTestRunner.java:542)
	at org.eclipse.jdt.internal.junit.runner.RemoteTestRunner.runTests(RemoteTestRunner.java:770)
	at org.eclipse.jdt.internal.junit.runner.RemoteTestRunner.run(RemoteTestRunner.java:464)
	at org.eclipse.jdt.internal.junit.runner.RemoteTestRunner.main(RemoteTestRunner.java:210)
</textarea></span>
												</div>
											</div>
											<div class="st skip test l3" 
												tags=""
												devices="">
												<span class="tt">07.29.2020 13:02:00</span>&nbsp;
												<span class="ts">skip</span>&nbsp;&nbsp;
												<span class="tn">&nbsp;&nbsp;&nbsp;&nbsp;&nbsp;&nbsp;&nbsp;&nbsp;|---[Then Find Entity pop up window should be displayed] started</span>
												
												<div class="st skip">
													<span class="tt">07.29.2020 13:02:00</span>&nbsp;
													<span class="ts">skip</span>&nbsp;&nbsp; 
													<span class="tn">&nbsp;&nbsp;&nbsp;&nbsp;&nbsp;&nbsp;&nbsp;&nbsp;|---[Then Find Entity pop up window should be displayed]</span>
													
													<span class="td">Step skipped</span>
												</div>
											</div>
											<div class="st skip test l3" 
												tags=""
												devices="">
												<span class="tt">07.29.2020 13:02:00</span>&nbsp;
												<span class="ts">skip</span>&nbsp;&nbsp;
												<span class="tn">&nbsp;&nbsp;&nbsp;&nbsp;&nbsp;&nbsp;&nbsp;&nbsp;|---[When User enters Individual and P0024640] started</span>
												
												<div class="st skip">
													<span class="tt">07.29.2020 13:02:00</span>&nbsp;
													<span class="ts">skip</span>&nbsp;&nbsp; 
													<span class="tn">&nbsp;&nbsp;&nbsp;&nbsp;&nbsp;&nbsp;&nbsp;&nbsp;|---[When User enters Individual and P0024640]</span>
													
													<span class="td">Step skipped</span>
												</div>
											</div>
											<div class="st skip test l3" 
												tags=""
												devices="">
												<span class="tt">07.29.2020 13:02:00</span>&nbsp;
												<span class="ts">skip</span>&nbsp;&nbsp;
												<span class="tn">&nbsp;&nbsp;&nbsp;&nbsp;&nbsp;&nbsp;&nbsp;&nbsp;|---[And clicks search button] started</span>
												
												<div class="st skip">
													<span class="tt">07.29.2020 13:02:00</span>&nbsp;
													<span class="ts">skip</span>&nbsp;&nbsp; 
													<span class="tn">&nbsp;&nbsp;&nbsp;&nbsp;&nbsp;&nbsp;&nbsp;&nbsp;|---[And clicks search button]</span>
													
													<span class="td">Step skipped</span>
												</div>
											</div>
											<div class="st skip test l3" 
												tags=""
												devices="">
												<span class="tt">07.29.2020 13:02:00</span>&nbsp;
												<span class="ts">skip</span>&nbsp;&nbsp;
												<span class="tn">&nbsp;&nbsp;&nbsp;&nbsp;&nbsp;&nbsp;&nbsp;&nbsp;|---[Then Payment Summary window displayed P0024640] started</span>
												
												<div class="st skip">
													<span class="tt">07.29.2020 13:02:00</span>&nbsp;
													<span class="ts">skip</span>&nbsp;&nbsp; 
													<span class="tn">&nbsp;&nbsp;&nbsp;&nbsp;&nbsp;&nbsp;&nbsp;&nbsp;|---[Then Payment Summary window displayed P0024640]</span>
													
													<span class="td">Step skipped</span>
												</div>
											</div>
											<div class="st skip test l3" 
												tags=""
												devices="">
												<span class="tt">07.29.2020 13:02:00</span>&nbsp;
												<span class="ts">skip</span>&nbsp;&nbsp;
												<span class="tn">&nbsp;&nbsp;&nbsp;&nbsp;&nbsp;&nbsp;&nbsp;&nbsp;|---[And clicks add button] started</span>
												
												<div class="st skip">
													<span class="tt">07.29.2020 13:02:00</span>&nbsp;
													<span class="ts">skip</span>&nbsp;&nbsp; 
													<span class="tn">&nbsp;&nbsp;&nbsp;&nbsp;&nbsp;&nbsp;&nbsp;&nbsp;|---[And clicks add button]</span>
													
													<span class="td">Step skipped</span>
												</div>
											</div>
											<div class="st skip test l3" 
												tags=""
												devices="">
												<span class="tt">07.29.2020 13:02:00</span>&nbsp;
												<span class="ts">skip</span>&nbsp;&nbsp;
												<span class="tn">&nbsp;&nbsp;&nbsp;&nbsp;&nbsp;&nbsp;&nbsp;&nbsp;|---[Then Payment Details should be displayed] started</span>
												
												<div class="st skip">
													<span class="tt">07.29.2020 13:02:00</span>&nbsp;
													<span class="ts">skip</span>&nbsp;&nbsp; 
													<span class="tn">&nbsp;&nbsp;&nbsp;&nbsp;&nbsp;&nbsp;&nbsp;&nbsp;|---[Then Payment Details should be displayed]</span>
													
													<span class="td">Step skipped</span>
												</div>
											</div>
											<div class="st skip test l3" 
												tags=""
												devices="">
												<span class="tt">07.29.2020 13:02:00</span>&nbsp;
												<span class="ts">skip</span>&nbsp;&nbsp;
												<span class="tn">&nbsp;&nbsp;&nbsp;&nbsp;&nbsp;&nbsp;&nbsp;&nbsp;|---[When user fills Payment Amount as 100] started</span>
												
												<div class="st skip">
													<span class="tt">07.29.2020 13:02:00</span>&nbsp;
													<span class="ts">skip</span>&nbsp;&nbsp; 
													<span class="tn">&nbsp;&nbsp;&nbsp;&nbsp;&nbsp;&nbsp;&nbsp;&nbsp;|---[When user fills Payment Amount as 100]</span>
													
													<span class="td">Step skipped</span>
												</div>
											</div>
											<div class="st skip test l3" 
												tags=""
												devices="">
												<span class="tt">07.29.2020 13:02:00</span>&nbsp;
												<span class="ts">skip</span>&nbsp;&nbsp;
												<span class="tn">&nbsp;&nbsp;&nbsp;&nbsp;&nbsp;&nbsp;&nbsp;&nbsp;|---[And From Payment Details window click on Save Button] started</span>
												
												<div class="st skip">
													<span class="tt">07.29.2020 13:02:00</span>&nbsp;
													<span class="ts">skip</span>&nbsp;&nbsp; 
													<span class="tn">&nbsp;&nbsp;&nbsp;&nbsp;&nbsp;&nbsp;&nbsp;&nbsp;|---[And From Payment Details window click on Save Button]</span>
													
													<span class="td">Step skipped</span>
												</div>
											</div>
											<div class="st skip test l3" 
												tags=""
												devices="">
												<span class="tt">07.29.2020 13:02:00</span>&nbsp;
												<span class="ts">skip</span>&nbsp;&nbsp;
												<span class="tn">&nbsp;&nbsp;&nbsp;&nbsp;&nbsp;&nbsp;&nbsp;&nbsp;|---[And clicks yes on confirmation prompt] started</span>
												
												<div class="st skip">
													<span class="tt">07.29.2020 13:02:00</span>&nbsp;
													<span class="ts">skip</span>&nbsp;&nbsp; 
													<span class="tn">&nbsp;&nbsp;&nbsp;&nbsp;&nbsp;&nbsp;&nbsp;&nbsp;|---[And clicks yes on confirmation prompt]</span>
													
													<span class="td">Step skipped</span>
												</div>
											</div>
											<div class="st skip test l3" 
												tags=""
												devices="">
												<span class="tt">07.29.2020 13:02:00</span>&nbsp;
												<span class="ts">skip</span>&nbsp;&nbsp;
												<span class="tn">&nbsp;&nbsp;&nbsp;&nbsp;&nbsp;&nbsp;&nbsp;&nbsp;|---[Given Payment Summary window click on Save Button] started</span>
												
												<div class="st skip">
													<span class="tt">07.29.2020 13:02:00</span>&nbsp;
													<span class="ts">skip</span>&nbsp;&nbsp; 
													<span class="tn">&nbsp;&nbsp;&nbsp;&nbsp;&nbsp;&nbsp;&nbsp;&nbsp;|---[Given Payment Summary window click on Save Button]</span>
													
													<span class="td">Step skipped</span>
												</div>
											</div>
											<div class="st skip test l3" 
												tags=""
												devices="">
												<span class="tt">07.29.2020 13:02:00</span>&nbsp;
												<span class="ts">skip</span>&nbsp;&nbsp;
												<span class="tn">&nbsp;&nbsp;&nbsp;&nbsp;&nbsp;&nbsp;&nbsp;&nbsp;|---[Then Reciept generated successfully] started</span>
												
												<div class="st skip">
													<span class="tt">07.29.2020 13:02:00</span>&nbsp;
													<span class="ts">skip</span>&nbsp;&nbsp; 
													<span class="tn">&nbsp;&nbsp;&nbsp;&nbsp;&nbsp;&nbsp;&nbsp;&nbsp;|---[Then Reciept generated successfully]</span>
													
													<span class="td">Step skipped</span>
												</div>
											</div>
											<div class="st fail test l1" 
												tags="@SUC:13-11"
												devices="">
												<span class="tt">07.29.2020 13:02:00</span>&nbsp;
												<span class="ts">fail</span>&nbsp;&nbsp;
												<span class="tn">|---[UAT_M7_14-03-Verify the Process of print Taxpayer documents] started</span>
												<span class="category-list">
													<span class="category badge"><i class="fa fa-tag"></i> @SUC:13-11</span>
												</span>
												<span class="author-list">
												</span>
												<span class="device-list">
												</span>
												
											</div>
											<div class="st fail test l2" 
												tags="@SUC:13-11"
												devices="">
												<span class="tt">07.29.2020 13:02:00</span>&nbsp;
												<span class="ts">fail</span>&nbsp;&nbsp;
												<span class="tn">&nbsp;&nbsp;&nbsp;&nbsp;|---[UAT_M7_14-03-Verify the Process of print Taxpayer documents] started</span>
												<span class="category-list">
													<span class="category badge"><i class="fa fa-tag"></i> @SUC:13-11</span>
												</span>
												<span class="author-list">
												</span>
												<span class="device-list">
												</span>
												
											</div>
											<div class="st pass test l3" 
												tags=""
												devices="">
												<span class="tt">07.29.2020 13:02:00</span>&nbsp;
												<span class="ts">pass</span>&nbsp;&nbsp;
												<span class="tn">&nbsp;&nbsp;&nbsp;&nbsp;&nbsp;&nbsp;&nbsp;&nbsp;|---[Given User navigates to the login page] started</span>
												
												<div class="st pass">
													<span class="tt">07.29.2020 13:02:14</span>&nbsp;
													<span class="ts">pass</span>&nbsp;&nbsp; 
													<span class="tn">&nbsp;&nbsp;&nbsp;&nbsp;&nbsp;&nbsp;&nbsp;&nbsp;|---[Given User navigates to the login page]</span>
													
													<span class="td"></span>
												</div>
											</div>
											<div class="st pass test l3" 
												tags=""
												devices="">
												<span class="tt">07.29.2020 13:02:14</span>&nbsp;
												<span class="ts">pass</span>&nbsp;&nbsp;
												<span class="tn">&nbsp;&nbsp;&nbsp;&nbsp;&nbsp;&nbsp;&nbsp;&nbsp;|---[When Enters the username "tripscrmuser12" and password "Passw0rd" to login] started</span>
												
												<div class="st pass">
													<span class="tt">07.29.2020 13:02:15</span>&nbsp;
													<span class="ts">pass</span>&nbsp;&nbsp; 
													<span class="tn">&nbsp;&nbsp;&nbsp;&nbsp;&nbsp;&nbsp;&nbsp;&nbsp;|---[When Enters the username "tripscrmuser12" and password "Passw0rd" to login]</span>
													
													<span class="td"></span>
												</div>
											</div>
											<div class="st fail test l3" 
												tags=""
												devices="">
												<span class="tt">07.29.2020 13:02:15</span>&nbsp;
												<span class="ts">fail</span>&nbsp;&nbsp;
												<span class="tn">&nbsp;&nbsp;&nbsp;&nbsp;&nbsp;&nbsp;&nbsp;&nbsp;|---[Then User should be logged in] started</span>
												
												<div class="st fail">
													<span class="tt">07.29.2020 13:02:15</span>&nbsp;
													<span class="ts">fail</span>&nbsp;&nbsp; 
													<span class="tn">&nbsp;&nbsp;&nbsp;&nbsp;&nbsp;&nbsp;&nbsp;&nbsp;|---[Then User should be logged in]</span>
													
													<span class="td">threw an exception<br><textarea disabled class="code-block">org.openqa.selenium.NoSuchWindowException: no such window: target window already closed
from unknown error: web view not found
  (Session info: chrome=84.0.4147.105)
Build info: version: '3.141.59', revision: 'e82be7d358', time: '2018-11-14T08:17:03'
System info: host: 'DESKTOP-VUGFEQL', ip: '172.16.16.22', os.name: 'Windows 10', os.arch: 'amd64', os.version: '10.0', java.version: '14.0.1'
Driver info: org.openqa.selenium.chrome.ChromeDriver
Capabilities {acceptInsecureCerts: false, browserName: chrome, browserVersion: 84.0.4147.105, chrome: {chromedriverVersion: 83.0.4103.39 (ccbf011cb2d2b..., userDataDir: C:\Users\v-bakam\AppData\Lo...}, goog:chromeOptions: {debuggerAddress: localhost:57464}, javascriptEnabled: true, networkConnectionEnabled: false, pageLoadStrategy: normal, platform: WINDOWS, platformName: WINDOWS, proxy: Proxy(), setWindowRect: true, strictFileInteractability: false, timeouts: {implicit: 0, pageLoad: 300000, script: 30000}, unhandledPromptBehavior: dismiss and notify, webauthn:virtualAuthenticators: true}
Session ID: 50a3e4c0cb780de6ebc8a10b09256669
	at java.base/jdk.internal.reflect.NativeConstructorAccessorImpl.newInstance0(Native Method)
	at java.base/jdk.internal.reflect.NativeConstructorAccessorImpl.newInstance(NativeConstructorAccessorImpl.java:62)
	at java.base/jdk.internal.reflect.DelegatingConstructorAccessorImpl.newInstance(DelegatingConstructorAccessorImpl.java:45)
	at java.base/java.lang.reflect.Constructor.newInstanceWithCaller(Constructor.java:500)
	at java.base/java.lang.reflect.Constructor.newInstance(Constructor.java:481)
	at org.openqa.selenium.remote.http.W3CHttpResponseCodec.createException(W3CHttpResponseCodec.java:187)
	at org.openqa.selenium.remote.http.W3CHttpResponseCodec.decode(W3CHttpResponseCodec.java:122)
	at org.openqa.selenium.remote.http.W3CHttpResponseCodec.decode(W3CHttpResponseCodec.java:49)
	at org.openqa.selenium.remote.HttpCommandExecutor.execute(HttpCommandExecutor.java:158)
	at org.openqa.selenium.remote.service.DriverCommandExecutor.execute(DriverCommandExecutor.java:83)
	at org.openqa.selenium.remote.RemoteWebDriver.execute(RemoteWebDriver.java:552)
	at org.openqa.selenium.remote.RemoteWebDriver.execute(RemoteWebDriver.java:609)
	at org.openqa.selenium.remote.RemoteWebDriver.getCurrentUrl(RemoteWebDriver.java:287)
	at StepDefinitions.stepDefinitions.user_should_be_logged_in(stepDefinitions.java:81)
	at ✽.User should be logged in(file:///C:/Users/v-bakam/eclipse-workspace/TechnoBrain-Payment/src/test/resources/FeatureFiles/Payment/l_PrintRefundDocuments.feature:6)
</textarea></span>
												</div>
											</div>
											<div class="st skip test l3" 
												tags=""
												devices="">
												<span class="tt">07.29.2020 13:02:15</span>&nbsp;
												<span class="ts">skip</span>&nbsp;&nbsp;
												<span class="tn">&nbsp;&nbsp;&nbsp;&nbsp;&nbsp;&nbsp;&nbsp;&nbsp;|---[Given navigate to  Revenue Collection>>Receive Payment] started</span>
												
												<div class="st skip">
													<span class="tt">07.29.2020 13:02:15</span>&nbsp;
													<span class="ts">skip</span>&nbsp;&nbsp; 
													<span class="tn">&nbsp;&nbsp;&nbsp;&nbsp;&nbsp;&nbsp;&nbsp;&nbsp;|---[Given navigate to  Revenue Collection>>Receive Payment]</span>
													
													<span class="td">Step skipped</span>
												</div>
											</div>
											<div class="st skip test l3" 
												tags=""
												devices="">
												<span class="tt">07.29.2020 13:02:15</span>&nbsp;
												<span class="ts">skip</span>&nbsp;&nbsp;
												<span class="tn">&nbsp;&nbsp;&nbsp;&nbsp;&nbsp;&nbsp;&nbsp;&nbsp;|---[When click on Find Button] started</span>
												
												<div class="st skip">
													<span class="tt">07.29.2020 13:02:15</span>&nbsp;
													<span class="ts">skip</span>&nbsp;&nbsp; 
													<span class="tn">&nbsp;&nbsp;&nbsp;&nbsp;&nbsp;&nbsp;&nbsp;&nbsp;|---[When click on Find Button]</span>
													
													<span class="td">Step skipped</span>
												</div>
											</div>
											<div class="st skip test l3" 
												tags=""
												devices="">
												<span class="tt">07.29.2020 13:02:15</span>&nbsp;
												<span class="ts">skip</span>&nbsp;&nbsp;
												<span class="tn">&nbsp;&nbsp;&nbsp;&nbsp;&nbsp;&nbsp;&nbsp;&nbsp;|---[Then Find Entity pop up window should be displayed] started</span>
												
												<div class="st skip">
													<span class="tt">07.29.2020 13:02:15</span>&nbsp;
													<span class="ts">skip</span>&nbsp;&nbsp; 
													<span class="tn">&nbsp;&nbsp;&nbsp;&nbsp;&nbsp;&nbsp;&nbsp;&nbsp;|---[Then Find Entity pop up window should be displayed]</span>
													
													<span class="td">Step skipped</span>
												</div>
											</div>
											<div class="st skip test l3" 
												tags=""
												devices="">
												<span class="tt">07.29.2020 13:02:15</span>&nbsp;
												<span class="ts">skip</span>&nbsp;&nbsp;
												<span class="tn">&nbsp;&nbsp;&nbsp;&nbsp;&nbsp;&nbsp;&nbsp;&nbsp;|---[When User enters Individual and P0024640] started</span>
												
												<div class="st skip">
													<span class="tt">07.29.2020 13:02:15</span>&nbsp;
													<span class="ts">skip</span>&nbsp;&nbsp; 
													<span class="tn">&nbsp;&nbsp;&nbsp;&nbsp;&nbsp;&nbsp;&nbsp;&nbsp;|---[When User enters Individual and P0024640]</span>
													
													<span class="td">Step skipped</span>
												</div>
											</div>
											<div class="st skip test l3" 
												tags=""
												devices="">
												<span class="tt">07.29.2020 13:02:15</span>&nbsp;
												<span class="ts">skip</span>&nbsp;&nbsp;
												<span class="tn">&nbsp;&nbsp;&nbsp;&nbsp;&nbsp;&nbsp;&nbsp;&nbsp;|---[And clicks search button] started</span>
												
												<div class="st skip">
													<span class="tt">07.29.2020 13:02:15</span>&nbsp;
													<span class="ts">skip</span>&nbsp;&nbsp; 
													<span class="tn">&nbsp;&nbsp;&nbsp;&nbsp;&nbsp;&nbsp;&nbsp;&nbsp;|---[And clicks search button]</span>
													
													<span class="td">Step skipped</span>
												</div>
											</div>
											<div class="st skip test l3" 
												tags=""
												devices="">
												<span class="tt">07.29.2020 13:02:15</span>&nbsp;
												<span class="ts">skip</span>&nbsp;&nbsp;
												<span class="tn">&nbsp;&nbsp;&nbsp;&nbsp;&nbsp;&nbsp;&nbsp;&nbsp;|---[Then Payment Summary window displayed P0024640] started</span>
												
												<div class="st skip">
													<span class="tt">07.29.2020 13:02:15</span>&nbsp;
													<span class="ts">skip</span>&nbsp;&nbsp; 
													<span class="tn">&nbsp;&nbsp;&nbsp;&nbsp;&nbsp;&nbsp;&nbsp;&nbsp;|---[Then Payment Summary window displayed P0024640]</span>
													
													<span class="td">Step skipped</span>
												</div>
											</div>
											<div class="st skip test l3" 
												tags=""
												devices="">
												<span class="tt">07.29.2020 13:02:15</span>&nbsp;
												<span class="ts">skip</span>&nbsp;&nbsp;
												<span class="tn">&nbsp;&nbsp;&nbsp;&nbsp;&nbsp;&nbsp;&nbsp;&nbsp;|---[And clicks add button] started</span>
												
												<div class="st skip">
													<span class="tt">07.29.2020 13:02:15</span>&nbsp;
													<span class="ts">skip</span>&nbsp;&nbsp; 
													<span class="tn">&nbsp;&nbsp;&nbsp;&nbsp;&nbsp;&nbsp;&nbsp;&nbsp;|---[And clicks add button]</span>
													
													<span class="td">Step skipped</span>
												</div>
											</div>
											<div class="st skip test l3" 
												tags=""
												devices="">
												<span class="tt">07.29.2020 13:02:15</span>&nbsp;
												<span class="ts">skip</span>&nbsp;&nbsp;
												<span class="tn">&nbsp;&nbsp;&nbsp;&nbsp;&nbsp;&nbsp;&nbsp;&nbsp;|---[Then Payment Details should be displayed] started</span>
												
												<div class="st skip">
													<span class="tt">07.29.2020 13:02:15</span>&nbsp;
													<span class="ts">skip</span>&nbsp;&nbsp; 
													<span class="tn">&nbsp;&nbsp;&nbsp;&nbsp;&nbsp;&nbsp;&nbsp;&nbsp;|---[Then Payment Details should be displayed]</span>
													
													<span class="td">Step skipped</span>
												</div>
											</div>
											<div class="st skip test l3" 
												tags=""
												devices="">
												<span class="tt">07.29.2020 13:02:15</span>&nbsp;
												<span class="ts">skip</span>&nbsp;&nbsp;
												<span class="tn">&nbsp;&nbsp;&nbsp;&nbsp;&nbsp;&nbsp;&nbsp;&nbsp;|---[When user fills Payment Amount as 100] started</span>
												
												<div class="st skip">
													<span class="tt">07.29.2020 13:02:15</span>&nbsp;
													<span class="ts">skip</span>&nbsp;&nbsp; 
													<span class="tn">&nbsp;&nbsp;&nbsp;&nbsp;&nbsp;&nbsp;&nbsp;&nbsp;|---[When user fills Payment Amount as 100]</span>
													
													<span class="td">Step skipped</span>
												</div>
											</div>
											<div class="st skip test l3" 
												tags=""
												devices="">
												<span class="tt">07.29.2020 13:02:15</span>&nbsp;
												<span class="ts">skip</span>&nbsp;&nbsp;
												<span class="tn">&nbsp;&nbsp;&nbsp;&nbsp;&nbsp;&nbsp;&nbsp;&nbsp;|---[And From Payment Details window click on Save Button] started</span>
												
												<div class="st skip">
													<span class="tt">07.29.2020 13:02:15</span>&nbsp;
													<span class="ts">skip</span>&nbsp;&nbsp; 
													<span class="tn">&nbsp;&nbsp;&nbsp;&nbsp;&nbsp;&nbsp;&nbsp;&nbsp;|---[And From Payment Details window click on Save Button]</span>
													
													<span class="td">Step skipped</span>
												</div>
											</div>
											<div class="st skip test l3" 
												tags=""
												devices="">
												<span class="tt">07.29.2020 13:02:15</span>&nbsp;
												<span class="ts">skip</span>&nbsp;&nbsp;
												<span class="tn">&nbsp;&nbsp;&nbsp;&nbsp;&nbsp;&nbsp;&nbsp;&nbsp;|---[And clicks yes on confirmation prompt] started</span>
												
												<div class="st skip">
													<span class="tt">07.29.2020 13:02:15</span>&nbsp;
													<span class="ts">skip</span>&nbsp;&nbsp; 
													<span class="tn">&nbsp;&nbsp;&nbsp;&nbsp;&nbsp;&nbsp;&nbsp;&nbsp;|---[And clicks yes on confirmation prompt]</span>
													
													<span class="td">Step skipped</span>
												</div>
											</div>
											<div class="st skip test l3" 
												tags=""
												devices="">
												<span class="tt">07.29.2020 13:02:15</span>&nbsp;
												<span class="ts">skip</span>&nbsp;&nbsp;
												<span class="tn">&nbsp;&nbsp;&nbsp;&nbsp;&nbsp;&nbsp;&nbsp;&nbsp;|---[Given Payment Summary window click on Save Button] started</span>
												
												<div class="st skip">
													<span class="tt">07.29.2020 13:02:15</span>&nbsp;
													<span class="ts">skip</span>&nbsp;&nbsp; 
													<span class="tn">&nbsp;&nbsp;&nbsp;&nbsp;&nbsp;&nbsp;&nbsp;&nbsp;|---[Given Payment Summary window click on Save Button]</span>
													
													<span class="td">Step skipped</span>
												</div>
											</div>
											<div class="st skip test l3" 
												tags=""
												devices="">
												<span class="tt">07.29.2020 13:02:15</span>&nbsp;
												<span class="ts">skip</span>&nbsp;&nbsp;
												<span class="tn">&nbsp;&nbsp;&nbsp;&nbsp;&nbsp;&nbsp;&nbsp;&nbsp;|---[Then Reciept generated successfully] started</span>
												
												<div class="st skip">
													<span class="tt">07.29.2020 13:02:15</span>&nbsp;
													<span class="ts">skip</span>&nbsp;&nbsp; 
													<span class="tn">&nbsp;&nbsp;&nbsp;&nbsp;&nbsp;&nbsp;&nbsp;&nbsp;|---[Then Reciept generated successfully]</span>
													
													<span class="td">Step skipped</span>
												</div>
											</div>
											<div class="st fail test l3" 
												tags=""
												devices="">
												<span class="tt">07.29.2020 13:02:15</span>&nbsp;
												<span class="ts">fail</span>&nbsp;&nbsp;
												<span class="tn">&nbsp;&nbsp;&nbsp;&nbsp;&nbsp;&nbsp;&nbsp;&nbsp;|---[StepDefinitions.Hooks.AftersaveScreenshot(io.cucumber.java.Scenario)] started</span>
												
												<div class="st fail">
													<span class="tt">07.29.2020 13:02:15</span>&nbsp;
													<span class="ts">fail</span>&nbsp;&nbsp; 
													<span class="tn">&nbsp;&nbsp;&nbsp;&nbsp;&nbsp;&nbsp;&nbsp;&nbsp;|---[StepDefinitions.Hooks.AftersaveScreenshot(io.cucumber.java.Scenario)]</span>
													
													<span class="td">threw an exception<br><textarea disabled class="code-block">org.openqa.selenium.NoSuchWindowException: no such window: target window already closed
from unknown error: web view not found
  (Session info: chrome=84.0.4147.105)
Build info: version: '3.141.59', revision: 'e82be7d358', time: '2018-11-14T08:17:03'
System info: host: 'DESKTOP-VUGFEQL', ip: '172.16.16.22', os.name: 'Windows 10', os.arch: 'amd64', os.version: '10.0', java.version: '14.0.1'
Driver info: org.openqa.selenium.chrome.ChromeDriver
Capabilities {acceptInsecureCerts: false, browserName: chrome, browserVersion: 84.0.4147.105, chrome: {chromedriverVersion: 83.0.4103.39 (ccbf011cb2d2b..., userDataDir: C:\Users\v-bakam\AppData\Lo...}, goog:chromeOptions: {debuggerAddress: localhost:57464}, javascriptEnabled: true, networkConnectionEnabled: false, pageLoadStrategy: normal, platform: WINDOWS, platformName: WINDOWS, proxy: Proxy(), setWindowRect: true, strictFileInteractability: false, timeouts: {implicit: 0, pageLoad: 300000, script: 30000}, unhandledPromptBehavior: dismiss and notify, webauthn:virtualAuthenticators: true}
Session ID: 50a3e4c0cb780de6ebc8a10b09256669
	at java.base/jdk.internal.reflect.NativeConstructorAccessorImpl.newInstance0(Native Method)
	at java.base/jdk.internal.reflect.NativeConstructorAccessorImpl.newInstance(NativeConstructorAccessorImpl.java:62)
	at java.base/jdk.internal.reflect.DelegatingConstructorAccessorImpl.newInstance(DelegatingConstructorAccessorImpl.java:45)
	at java.base/java.lang.reflect.Constructor.newInstanceWithCaller(Constructor.java:500)
	at java.base/java.lang.reflect.Constructor.newInstance(Constructor.java:481)
	at org.openqa.selenium.remote.http.W3CHttpResponseCodec.createException(W3CHttpResponseCodec.java:187)
	at org.openqa.selenium.remote.http.W3CHttpResponseCodec.decode(W3CHttpResponseCodec.java:122)
	at org.openqa.selenium.remote.http.W3CHttpResponseCodec.decode(W3CHttpResponseCodec.java:49)
	at org.openqa.selenium.remote.HttpCommandExecutor.execute(HttpCommandExecutor.java:158)
	at org.openqa.selenium.remote.service.DriverCommandExecutor.execute(DriverCommandExecutor.java:83)
	at org.openqa.selenium.remote.RemoteWebDriver.execute(RemoteWebDriver.java:552)
	at org.openqa.selenium.remote.RemoteWebDriver.execute(RemoteWebDriver.java:609)
	at org.openqa.selenium.remote.RemoteWebDriver.getScreenshotAs(RemoteWebDriver.java:295)
	at StepDefinitions.Hooks.AftersaveScreenshot(Hooks.java:36)
</textarea></span>
												</div>
											</div>
											</div>
									</div>
								</div>
							</div>
						</div>
					</div>
				</div>
			</div>
		</div>
		<script src="https://cdn.jsdelivr.net/gh/extent-framework/extent-github-cdn@832f979664f9d68bf618db3ac87498ac6c1a6390/logger/js/logger-scripts.js"></script>
	</body>
</html>
